     1                                  ;========1=========2=========3=========4=========5=========6=========7=========8=========9=========0=========1=========2=========3**
     2                                  ;  Author name: Chandresh CHavda
     3                                  ;  Author email: chav349@csu.fullerton.edu
     4                                  ;  CWID: 885158899
     5                                  ;  Class: 240-11 Section 11
     6                                  ;  Date: March 11, 2025
     7                                  ;  240-3 Midterm Program
     8                                  ;
     9                                  ;========1=========2=========3=========4=========5=========6=========7=========8=========9=========0=========1=========2=========3**
    10                                  
    11                                  ; Declarations
    12                                  extern printf
    13                                  global current
    14                                  
    15                                  segment .data
    16                                  ; Declare initialized strings
    17 00000000 546865206375727265-     cur_1 db "The current on circuit #1 is %.5lf amps.", 10, 0
    17 00000009 6E74206F6E20636972-
    17 00000012 637569742023312069-
    17 0000001B 7320252E356C662061-
    17 00000024 6D70732E0A00       
    18 0000002A 546865206375727265-     cur_2 db "The current on circuit #2 is %.5lf amps.", 10, 0
    18 00000033 6E74206F6E20636972-
    18 0000003C 637569742023322069-
    18 00000045 7320252E356C662061-
    18 0000004E 6D70732E0A00       
    19 00000054 546865206375727265-     cur_3 db "The current on circuit #3 is %.5lf amps.", 10, 0
    19 0000005D 6E74206F6E20636972-
    19 00000066 637569742023332069-
    19 0000006F 7320252E356C662061-
    19 00000078 6D70732E0A00       
    20 0000007E 54686520746F74616C-     total_current db "The total current is %.5lf amps.", 10, 0
    20 00000087 2063757272656E7420-
    20 00000090 697320252E356C6620-
    20 00000099 616D70732E0A00     
    21                                  
    22                                  segment .bss
    23                                  ; Declare backup storage area
    24                                  align 64
    25 00000000 <res 00000340>          backup_storage_area resb 832
    26                                  
    27                                  segment .text
    28                                  
    29                                  current:
    30                                  ; Backup GPRs and other registers
    31                                  backup_registers:
    32 00000000 55                          push rbp
    33 00000001 4889E5                      mov rbp, rsp
    34 00000004 53                          push rbx
    35 00000005 51                          push rcx
    36 00000006 52                          push rdx
    37 00000007 57                          push rdi
    38 00000008 56                          push rsi
    39 00000009 4150                        push r8
    40 0000000B 4151                        push r9
    41 0000000D 4152                        push r10
    42 0000000F 4153                        push r11
    43 00000011 4154                        push r12
    44 00000013 4155                        push r13
    45 00000015 4156                        push r14
    46 00000017 4157                        push r15
    47 00000019 9C                          pushf
    48                                  
    49                                      ; Backup SSE registers
    50 0000001A B807000000                  mov rax, 7
    51 0000001F BA00000000                  mov rdx, 0
    52 00000024 0FAE2425[00000000]          xsave [backup_storage_area]
    53                                  
    54                                  ; Store resistances and electric force in registers for calculations
    55                                  prepare_calculations:
    56 0000002C F2410F10C6                  movsd xmm0, xmm14  ; Resistance 1 (R1)
    57 00000031 F2410F10CD                  movsd xmm1, xmm13  ; Resistance 2 (R2)
    58 00000036 F2410F10D4                  movsd xmm2, xmm12  ; Resistance 3 (R3)
    59 0000003B F2410F10DF                  movsd xmm3, xmm15  ; Electric Force (E)
    60                                  
    61                                  ; Calculate the current for circuit 1 (I1 = E / R1)
    62                                  calculate_circuit_1:
    63 00000040 F2450F10D7                  movsd xmm10, xmm15  ; E
    64 00000045 F2450F5ED6                  divsd xmm10, xmm14  ; R1
    65                                  
    66                                  ; Calculate the current for circuit 2 (I2 = E / R2)
    67                                  calculate_circuit_2:
    68 0000004A F2450F10DF                  movsd xmm11, xmm15  ; E
    69 0000004F F2450F5EDD                  divsd xmm11, xmm13  ; R2
    70                                  
    71                                  ; Calculate the current for circuit 3 (I3 = E / R3)
    72                                  calculate_circuit_3:
    73 00000054 F2450F10E7                  movsd xmm12, xmm15  ; E
    74 00000059 F2440F5EE2                  divsd xmm12, xmm2   ; R3
    75                                  
    76                                  ; Calculate total current (I = I1 + I2 + I3)
    77                                  calculate_total_current:
    78 0000005E F2450F10EA                  movsd xmm13, xmm10  ; I1
    79 00000063 F2450F58EB                  addsd xmm13, xmm11  ; I1 + I2
    80 00000068 F2450F58EC                  addsd xmm13, xmm12  ; I1 + I2 + I3
    81                                  
    82                                  ; Print results for circuit 1, circuit 2, circuit 3, and total current
    83                                  print_results:
    84                                      ; Print current for circuit 1
    85 0000006D B801000000                  mov rax, 1
    86 00000072 48BF-                       mov rdi, cur_1
    86 00000074 [0000000000000000] 
    87 0000007C F2410F10C2                  movsd xmm0, xmm10
    88 00000081 E8(00000000)                call printf
    89                                  
    90                                      ; Print current for circuit 2
    91 00000086 B801000000                  mov rax, 1
    92 0000008B 48BF-                       mov rdi, cur_2
    92 0000008D [2A00000000000000] 
    93 00000095 F2410F10C3                  movsd xmm0, xmm11
    94 0000009A E8(00000000)                call printf
    95                                  
    96                                      ; Print current for circuit 3
    97 0000009F B801000000                  mov rax, 1
    98 000000A4 48BF-                       mov rdi, cur_3
    98 000000A6 [5400000000000000] 
    99 000000AE F2410F10C4                  movsd xmm0, xmm12
   100 000000B3 E8(00000000)                call printf
   101                                  
   102                                      ; Print total current
   103 000000B8 B801000000                  mov rax, 1
   104 000000BD 48BF-                       mov rdi, total_current
   104 000000BF [7E00000000000000] 
   105 000000C7 F2410F10C5                  movsd xmm0, xmm13
   106 000000CC E8(00000000)                call printf
   107                                  
   108                                  ; Move total current to stack for safekeeping
   109                                  store_total_current:
   110 000000D1 B800000000                  mov rax, 0
   111 000000D6 6A00                        push qword 0
   112 000000D8 F2440F112C24                movsd [rsp], xmm13
   113                                  
   114                                  ; Restore SSE and general registers
   115                                  restore_registers:
   116 000000DE B807000000                  mov rax, 7
   117 000000E3 BA00000000                  mov rdx, 0
   118 000000E8 0FAE2C25[00000000]          xrstor [backup_storage_area]
   119                                  
   120                                      ; Send total current back to main
   121 000000F0 F20F100424                  movsd xmm0, [rsp]
   122 000000F5 58                          pop rax
   123                                  
   124                                      ; Restore GPRs
   125 000000F6 9D                          popf
   126 000000F7 415F                        pop r15
   127 000000F9 415E                        pop r14
   128 000000FB 415D                        pop r13
   129 000000FD 415C                        pop r12
   130 000000FF 415B                        pop r11
   131 00000101 415A                        pop r10
   132 00000103 4159                        pop r9
   133 00000105 4158                        pop r8
   134 00000107 5E                          pop rsi
   135 00000108 5F                          pop rdi
   136 00000109 5A                          pop rdx
   137 0000010A 59                          pop rcx
   138 0000010B 5B                          pop rbx
   139 0000010C 5D                          pop rbp  ; Restore base pointer
   140 0000010D C3                          ret
   141                                  
   142                                  ; End of the function current ============================================================
